#
# There is insufficient memory for the Java Runtime Environment to continue.
# Native memory allocation (malloc) failed to allocate 1927696 bytes. Error detail: Chunk::new
# Possible reasons:
#   The system is out of physical RAM or swap space
#   This process is running with CompressedOops enabled, and the Java Heap may be blocking the growth of the native heap
# Possible solutions:
#   Reduce memory load on the system
#   Increase physical memory or swap space
#   Check if swap backing store is full
#   Decrease Java heap size (-Xmx/-Xms)
#   Decrease number of Java threads
#   Decrease Java thread stack sizes (-Xss)
#   Set larger code cache with -XX:ReservedCodeCacheSize=
#   JVM is running with Unscaled Compressed Oops mode in which the Java heap is
#     placed in the first 4GB address space. The Java Heap base address is the
#     maximum limit for the native heap growth. Please use -XX:HeapBaseMinAddress
#     to set the Java Heap base and to place the Java Heap above 4GB virtual address.
# This output file may be truncated or incomplete.
#
#  Out of Memory Error (arena.cpp:191), pid=10376, tid=6640
#
# JRE version: OpenJDK Runtime Environment (17.0.11) (build 17.0.11+0--11852314)
# Java VM: OpenJDK 64-Bit Server VM (17.0.11+0--11852314, mixed mode, tiered, compressed oops, compressed class ptrs, g1 gc, windows-amd64)
# No core dump will be written. Minidumps are not enabled by default on client versions of Windows
#

---------------  S U M M A R Y ------------

Command Line: --add-opens=java.base/java.util=ALL-UNNAMED --add-opens=java.base/java.lang=ALL-UNNAMED --add-opens=java.base/java.lang.invoke=ALL-UNNAMED --add-opens=java.prefs/java.util.prefs=ALL-UNNAMED --add-opens=java.base/java.nio.charset=ALL-UNNAMED --add-opens=java.base/java.net=ALL-UNNAMED --add-opens=java.base/java.util.concurrent.atomic=ALL-UNNAMED -Xmx2048m -Dfile.encoding=UTF-8 -Duser.country=KR -Duser.language=ko -Duser.variant -javaagent:C:\Users\Administrator\.gradle\wrapper\dists\gradle-8.7-bin\bhs2wmbdwecv87pi65oeuq5iu\gradle-8.7\lib\agents\gradle-instrumentation-agent-8.7.jar org.gradle.launcher.daemon.bootstrap.GradleDaemon 8.7

Host: 12th Gen Intel(R) Core(TM) i5-1235U, 12 cores, 15G,  Windows 11 , 64 bit Build 22621 (10.0.22621.4391)
Time: Tue Nov 12 17:48:13 2024  Windows 11 , 64 bit Build 22621 (10.0.22621.4391) elapsed time: 3.452836 seconds (0d 0h 0m 3s)

---------------  T H R E A D  ---------------

Current thread (0x0000020afd0c8b40):  JavaThread "C2 CompilerThread1" daemon [_thread_in_native, id=6640, stack(0x00000023cd800000,0x00000023cd900000)]


Current CompileTask:
C2:   3453 2746       4       java.lang.invoke.MethodType::makeImpl (109 bytes)

Stack: [0x00000023cd800000,0x00000023cd900000]
Native frames: (J=compiled Java code, j=interpreted, Vv=VM code, C=native code)
V  [jvm.dll+0x687bb9]
V  [jvm.dll+0x84142a]
V  [jvm.dll+0x8430ae]
V  [jvm.dll+0x843713]
V  [jvm.dll+0x24a35f]
V  [jvm.dll+0xac544]
V  [jvm.dll+0xacb8c]
V  [jvm.dll+0x369be2]
V  [jvm.dll+0x33416a]
V  [jvm.dll+0x33360a]
V  [jvm.dll+0x21bed1]
V  [jvm.dll+0x21b311]
V  [jvm.dll+0x1a63ed]
V  [jvm.dll+0x22b1ee]
V  [jvm.dll+0x229375]
V  [jvm.dll+0x7f5647]
V  [jvm.dll+0x7efa4a]
V  [jvm.dll+0x686a35]
C  [ucrtbase.dll+0x29333]
C  [KERNEL32.DLL+0x1259d]
C  [ntdll.dll+0x5af38]


---------------  P R O C E S S  ---------------

Threads class SMR info:
_java_thread_list=0x0000020a809eb840, length=33, elements={
0x0000020ade01bf20, 0x0000020af82de420, 0x0000020af845f3e0, 0x0000020af8492c30,
0x0000020af8493860, 0x0000020af84b2e30, 0x0000020af84b3700, 0x0000020af84b43f0,
0x0000020af84b83a0, 0x0000020af84b8da0, 0x0000020af85da950, 0x0000020af877a800,
0x0000020afd0c8b40, 0x0000020aff5228e0, 0x0000020afeae61e0, 0x0000020afe97d7c0,
0x0000020afeeff050, 0x0000020afebee490, 0x0000020afea9a460, 0x0000020afea9b390,
0x0000020afea9b8a0, 0x0000020afea9a970, 0x0000020afea98b10, 0x0000020afea9bdb0,
0x0000020afea9c2c0, 0x0000020afea99020, 0x0000020afea99530, 0x0000020afea99a40,
0x0000020afea99f50, 0x0000020afe7d00d0, 0x0000020afe7d42a0, 0x0000020afe7d7030,
0x0000020afe7d5bf0
}

Java Threads: ( => current thread )
  0x0000020ade01bf20 JavaThread "main" [_thread_blocked, id=18964, stack(0x00000023cc500000,0x00000023cc600000)]
  0x0000020af82de420 JavaThread "Reference Handler" daemon [_thread_blocked, id=12472, stack(0x00000023ccc00000,0x00000023ccd00000)]
  0x0000020af845f3e0 JavaThread "Finalizer" daemon [_thread_blocked, id=6204, stack(0x00000023ccd00000,0x00000023cce00000)]
  0x0000020af8492c30 JavaThread "Signal Dispatcher" daemon [_thread_blocked, id=1944, stack(0x00000023cce00000,0x00000023ccf00000)]
  0x0000020af8493860 JavaThread "Attach Listener" daemon [_thread_blocked, id=13052, stack(0x00000023ccf00000,0x00000023cd000000)]
  0x0000020af84b2e30 JavaThread "Service Thread" daemon [_thread_blocked, id=16332, stack(0x00000023cd000000,0x00000023cd100000)]
  0x0000020af84b3700 JavaThread "Monitor Deflation Thread" daemon [_thread_blocked, id=3184, stack(0x00000023cd100000,0x00000023cd200000)]
  0x0000020af84b43f0 JavaThread "C2 CompilerThread0" daemon [_thread_in_native, id=11688, stack(0x00000023cd200000,0x00000023cd300000)]
  0x0000020af84b83a0 JavaThread "C1 CompilerThread0" daemon [_thread_blocked, id=7712, stack(0x00000023cd300000,0x00000023cd400000)]
  0x0000020af84b8da0 JavaThread "Sweeper thread" daemon [_thread_blocked, id=10248, stack(0x00000023cd400000,0x00000023cd500000)]
  0x0000020af85da950 JavaThread "Common-Cleaner" daemon [_thread_blocked, id=372, stack(0x00000023cd500000,0x00000023cd600000)]
  0x0000020af877a800 JavaThread "Notification Thread" daemon [_thread_blocked, id=11980, stack(0x00000023cd600000,0x00000023cd700000)]
=>0x0000020afd0c8b40 JavaThread "C2 CompilerThread1" daemon [_thread_in_native, id=6640, stack(0x00000023cd800000,0x00000023cd900000)]
  0x0000020aff5228e0 JavaThread "Daemon health stats" [_thread_blocked, id=1256, stack(0x00000023cde00000,0x00000023cdf00000)]
  0x0000020afeae61e0 JavaThread "Incoming local TCP Connector on port 10981" [_thread_in_native, id=2728, stack(0x00000023cdf00000,0x00000023ce000000)]
  0x0000020afe97d7c0 JavaThread "Daemon periodic checks" [_thread_blocked, id=9404, stack(0x00000023ce000000,0x00000023ce100000)]
  0x0000020afeeff050 JavaThread "Daemon" [_thread_blocked, id=12480, stack(0x00000023ce100000,0x00000023ce200000)]
  0x0000020afebee490 JavaThread "Handler for socket connection from /127.0.0.1:10981 to /127.0.0.1:10984" [_thread_in_native, id=17116, stack(0x00000023ce200000,0x00000023ce300000)]
  0x0000020afea9a460 JavaThread "Cancel handler" [_thread_blocked, id=2720, stack(0x00000023ce300000,0x00000023ce400000)]
  0x0000020afea9b390 JavaThread "Daemon worker" [_thread_in_vm, id=2700, stack(0x00000023ce400000,0x00000023ce500000)]
  0x0000020afea9b8a0 JavaThread "Asynchronous log dispatcher for DefaultDaemonConnection: socket connection from /127.0.0.1:10981 to /127.0.0.1:10984" [_thread_blocked, id=3048, stack(0x00000023ce500000,0x00000023ce600000)]
  0x0000020afea9a970 JavaThread "Stdin handler" [_thread_blocked, id=9716, stack(0x00000023ce600000,0x00000023ce700000)]
  0x0000020afea98b10 JavaThread "Daemon client event forwarder" [_thread_blocked, id=3828, stack(0x00000023ce700000,0x00000023ce800000)]
  0x0000020afea9bdb0 JavaThread "Cache worker for journal cache (C:\Users\Administrator\.gradle\caches\journal-1)" [_thread_blocked, id=9164, stack(0x00000023cee00000,0x00000023cef00000)]
  0x0000020afea9c2c0 JavaThread "File lock request listener" [_thread_in_native, id=4424, stack(0x00000023cef00000,0x00000023cf000000)]
  0x0000020afea99020 JavaThread "Cache worker for file hash cache (C:\Users\Administrator\.gradle\caches\8.7\fileHashes)" [_thread_blocked, id=10532, stack(0x00000023cf000000,0x00000023cf100000)]
  0x0000020afea99530 JavaThread "Cache worker for file hash cache (C:\Users\Administrator\Desktop\MMM\.gradle\8.7\fileHashes)" [_thread_blocked, id=3792, stack(0x00000023cf100000,0x00000023cf200000)]
  0x0000020afea99a40 JavaThread "File watcher server" daemon [_thread_in_native, id=1268, stack(0x00000023cf200000,0x00000023cf300000)]
  0x0000020afea99f50 JavaThread "File watcher consumer" daemon [_thread_blocked, id=16216, stack(0x00000023cf300000,0x00000023cf400000)]
  0x0000020afe7d00d0 JavaThread "Cache worker for checksums cache (C:\Users\Administrator\Desktop\MMM\.gradle\8.7\checksums)" [_thread_blocked, id=18576, stack(0x00000023cf400000,0x00000023cf500000)]
  0x0000020afe7d42a0 JavaThread "Cache worker for cache directory md-supplier (C:\Users\Administrator\.gradle\caches\8.7\md-supplier)" [_thread_blocked, id=14644, stack(0x00000023cf500000,0x00000023cf600000)]
  0x0000020afe7d7030 JavaThread "Cache worker for cache directory md-rule (C:\Users\Administrator\.gradle\caches\8.7\md-rule)" [_thread_blocked, id=14196, stack(0x00000023cf600000,0x00000023cf700000)]
  0x0000020afe7d5bf0 JavaThread "Cache worker for file content cache (C:\Users\Administrator\.gradle\caches\8.7\fileContent)" [_thread_blocked, id=2688, stack(0x00000023cf700000,0x00000023cf800000)]

Other Threads:
  0x0000020af82dcc80 VMThread "VM Thread" [stack: 0x00000023ccb00000,0x00000023ccc00000] [id=18952]
  0x0000020af877ace0 WatcherThread [stack: 0x00000023cd700000,0x00000023cd800000] [id=1272]
  0x0000020ade0776b0 GCTaskThread "GC Thread#0" [stack: 0x00000023cc600000,0x00000023cc700000] [id=15576]
  0x0000020afd82a570 GCTaskThread "GC Thread#1" [stack: 0x00000023cd900000,0x00000023cda00000] [id=18588]
  0x0000020afd82a830 GCTaskThread "GC Thread#2" [stack: 0x00000023cda00000,0x00000023cdb00000] [id=8932]
  0x0000020afdcbdd60 GCTaskThread "GC Thread#3" [stack: 0x00000023cdb00000,0x00000023cdc00000] [id=14220]
  0x0000020afdcbe020 GCTaskThread "GC Thread#4" [stack: 0x00000023cdc00000,0x00000023cdd00000] [id=15232]
  0x0000020afdcbe2e0 GCTaskThread "GC Thread#5" [stack: 0x00000023cdd00000,0x00000023cde00000] [id=9452]
  0x0000020afec30000 GCTaskThread "GC Thread#6" [stack: 0x00000023ce800000,0x00000023ce900000] [id=13508]
  0x0000020aff610c10 GCTaskThread "GC Thread#7" [stack: 0x00000023ce900000,0x00000023cea00000] [id=10100]
  0x0000020afe285f50 GCTaskThread "GC Thread#8" [stack: 0x00000023cea00000,0x00000023ceb00000] [id=9472]
  0x0000020afe286210 GCTaskThread "GC Thread#9" [stack: 0x00000023ceb00000,0x00000023cec00000] [id=15920]
  0x0000020ade088600 ConcurrentGCThread "G1 Main Marker" [stack: 0x00000023cc700000,0x00000023cc800000] [id=13284]
  0x0000020ade0897c0 ConcurrentGCThread "G1 Conc#0" [stack: 0x00000023cc800000,0x00000023cc900000] [id=10652]
  0x0000020afe7968d0 ConcurrentGCThread "G1 Conc#1" [stack: 0x00000023cec00000,0x00000023ced00000] [id=10264]
  0x0000020afe795dd0 ConcurrentGCThread "G1 Conc#2" [stack: 0x00000023ced00000,0x00000023cee00000] [id=10644]
  0x0000020af81809f0 ConcurrentGCThread "G1 Refine#0" [stack: 0x00000023cc900000,0x00000023cca00000] [id=17836]
  0x0000020af8181420 ConcurrentGCThread "G1 Service" [stack: 0x00000023cca00000,0x00000023ccb00000] [id=5012]

Threads with active compile tasks:
C2 CompilerThread0     3479 2802   !   4       java.net.URL::<init> (543 bytes)
C2 CompilerThread1     3479 2746       4       java.lang.invoke.MethodType::makeImpl (109 bytes)

VM state: at safepoint (normal execution)

VM Mutex/Monitor currently owned by a thread:  ([mutex/lock_event])
[0x0000020ade017810] Threads_lock - owner thread: 0x0000020af82dcc80
[0x0000020ade017a50] Heap_lock - owner thread: 0x0000020afea9b390

Heap address: 0x0000000080000000, size: 2048 MB, Compressed Oops mode: 32-bit

CDS archive(s) not mapped
Compressed class space mapped at: 0x0000000100000000-0x0000000140000000, reserved size: 1073741824
Narrow klass base: 0x0000000000000000, Narrow klass shift: 3, Narrow klass range: 0x140000000

GC Precious Log:
 CPUs: 12 total, 12 available
 Memory: 16098M
 Large Page Support: Disabled
 NUMA Support: Disabled
 Compressed Oops: Enabled (32-bit)
 Heap Region Size: 1M
 Heap Min Capacity: 8M
 Heap Initial Capacity: 252M
 Heap Max Capacity: 2G
 Pre-touch: Disabled
 Parallel Workers: 10
 Concurrent Workers: 3
 Concurrent Refinement Workers: 10
 Periodic GC: Disabled

Heap:
 garbage-first heap   total 71680K, used 51498K [0x0000000080000000, 0x0000000100000000)
  region size 1024K, 31 young (31744K), 3 survivors (3072K)
 Metaspace       used 33562K, committed 33920K, reserved 1114112K
  class space    used 4564K, committed 4736K, reserved 1048576K

Heap Regions: E=young(eden), S=young(survivor), O=old, HS=humongous(starts), HC=humongous(continues), CS=collection set, F=free, OA=open archive, CA=closed archive, TAMS=top-at-mark-start (previous, next)
|   0|0x0000000080000000, 0x0000000080100000, 0x0000000080100000|100%|HS|  |TAMS 0x0000000080100000, 0x0000000080000000| Complete 
|   1|0x0000000080100000, 0x0000000080200000, 0x0000000080200000|100%|HC|  |TAMS 0x0000000080200000, 0x0000000080100000| Complete 
|   2|0x0000000080200000, 0x0000000080300000, 0x0000000080300000|100%|HC|  |TAMS 0x0000000080300000, 0x0000000080200000| Complete 
|   3|0x0000000080300000, 0x0000000080400000, 0x0000000080400000|100%|HC|  |TAMS 0x0000000080400000, 0x0000000080300000| Complete 
|   4|0x0000000080400000, 0x0000000080500000, 0x0000000080500000|100%| O|  |TAMS 0x0000000080500000, 0x0000000080400000| Untracked 
|   5|0x0000000080500000, 0x0000000080600000, 0x0000000080600000|100%| O|  |TAMS 0x0000000080600000, 0x0000000080500000| Untracked 
|   6|0x0000000080600000, 0x0000000080700000, 0x0000000080700000|100%| O|  |TAMS 0x0000000080700000, 0x0000000080600000| Untracked 
|   7|0x0000000080700000, 0x0000000080800000, 0x0000000080800000|100%| O|  |TAMS 0x0000000080800000, 0x0000000080700000| Untracked 
|   8|0x0000000080800000, 0x0000000080900000, 0x0000000080900000|100%| O|  |TAMS 0x0000000080900000, 0x0000000080800000| Untracked 
|   9|0x0000000080900000, 0x0000000080a00000, 0x0000000080a00000|100%| O|  |TAMS 0x0000000080a00000, 0x0000000080900000| Untracked 
|  10|0x0000000080a00000, 0x0000000080a4bc00, 0x0000000080b00000| 29%| O|  |TAMS 0x0000000080a4bc00, 0x0000000080a00000| Untracked 
|  11|0x0000000080b00000, 0x0000000080c00000, 0x0000000080c00000|100%| O|  |TAMS 0x0000000080b00000, 0x0000000080b00000| Untracked 
|  12|0x0000000080c00000, 0x0000000080d00000, 0x0000000080d00000|100%| O|  |TAMS 0x0000000080c00000, 0x0000000080c00000| Untracked 
|  13|0x0000000080d00000, 0x0000000080e00000, 0x0000000080e00000|100%| O|  |TAMS 0x0000000080d00000, 0x0000000080d00000| Untracked 
|  14|0x0000000080e00000, 0x0000000080f00000, 0x0000000080f00000|100%| O|  |TAMS 0x0000000080e00000, 0x0000000080e00000| Untracked 
|  15|0x0000000080f00000, 0x0000000081000000, 0x0000000081000000|100%| O|  |TAMS 0x0000000080f00000, 0x0000000080f00000| Untracked 
|  16|0x0000000081000000, 0x0000000081100000, 0x0000000081100000|100%| O|  |TAMS 0x0000000081000000, 0x0000000081000000| Untracked 
|  17|0x0000000081100000, 0x0000000081200000, 0x0000000081200000|100%| O|  |TAMS 0x0000000081100000, 0x0000000081100000| Untracked 
|  18|0x0000000081200000, 0x0000000081300000, 0x0000000081300000|100%| O|  |TAMS 0x0000000081200000, 0x0000000081200000| Untracked 
|  19|0x0000000081300000, 0x0000000081400000, 0x0000000081400000|100%| O|  |TAMS 0x0000000081300000, 0x0000000081300000| Untracked 
|  20|0x0000000081400000, 0x0000000081500000, 0x0000000081500000|100%| O|  |TAMS 0x0000000081400000, 0x0000000081400000| Untracked 
|  21|0x0000000081500000, 0x0000000081517e00, 0x0000000081600000|  9%| O|  |TAMS 0x0000000081500000, 0x0000000081500000| Untracked 
|  22|0x0000000081600000, 0x0000000081600000, 0x0000000081700000|  0%| F|  |TAMS 0x0000000081600000, 0x0000000081600000| Untracked 
|  23|0x0000000081700000, 0x0000000081700000, 0x0000000081800000|  0%| F|  |TAMS 0x0000000081700000, 0x0000000081700000| Untracked 
|  24|0x0000000081800000, 0x0000000081800000, 0x0000000081900000|  0%| F|  |TAMS 0x0000000081800000, 0x0000000081800000| Untracked 
|  25|0x0000000081900000, 0x0000000081900000, 0x0000000081a00000|  0%| F|  |TAMS 0x0000000081900000, 0x0000000081900000| Untracked 
|  26|0x0000000081a00000, 0x0000000081a00000, 0x0000000081b00000|  0%| F|  |TAMS 0x0000000081a00000, 0x0000000081a00000| Untracked 
|  27|0x0000000081b00000, 0x0000000081b00000, 0x0000000081c00000|  0%| F|  |TAMS 0x0000000081b00000, 0x0000000081b00000| Untracked 
|  28|0x0000000081c00000, 0x0000000081c00000, 0x0000000081d00000|  0%| F|  |TAMS 0x0000000081c00000, 0x0000000081c00000| Untracked 
|  29|0x0000000081d00000, 0x0000000081d00000, 0x0000000081e00000|  0%| F|  |TAMS 0x0000000081d00000, 0x0000000081d00000| Untracked 
|  30|0x0000000081e00000, 0x0000000081e00000, 0x0000000081f00000|  0%| F|  |TAMS 0x0000000081e00000, 0x0000000081e00000| Untracked 
|  31|0x0000000081f00000, 0x0000000081f00000, 0x0000000082000000|  0%| F|  |TAMS 0x0000000081f00000, 0x0000000081f00000| Untracked 
|  32|0x0000000082000000, 0x0000000082000000, 0x0000000082100000|  0%| F|  |TAMS 0x0000000082000000, 0x0000000082000000| Untracked 
|  33|0x0000000082100000, 0x0000000082100000, 0x0000000082200000|  0%| F|  |TAMS 0x0000000082100000, 0x0000000082100000| Untracked 
|  34|0x0000000082200000, 0x0000000082239500, 0x0000000082300000| 22%| S|CS|TAMS 0x0000000082200000, 0x0000000082200000| Complete 
|  35|0x0000000082300000, 0x0000000082400000, 0x0000000082400000|100%| S|CS|TAMS 0x0000000082300000, 0x0000000082300000| Complete 
|  36|0x0000000082400000, 0x0000000082500000, 0x0000000082500000|100%| S|CS|TAMS 0x0000000082400000, 0x0000000082400000| Complete 
|  37|0x0000000082500000, 0x0000000082600000, 0x0000000082600000|100%| S|CS|TAMS 0x0000000082500000, 0x0000000082500000| Complete 
|  38|0x0000000082600000, 0x0000000082600000, 0x0000000082700000|  0%| F|  |TAMS 0x0000000082600000, 0x0000000082600000| Untracked 
|  39|0x0000000082700000, 0x0000000082700000, 0x0000000082800000|  0%| F|  |TAMS 0x0000000082700000, 0x0000000082700000| Untracked 
|  40|0x0000000082800000, 0x0000000082800000, 0x0000000082900000|  0%| F|  |TAMS 0x0000000082800000, 0x0000000082800000| Untracked 
|  41|0x0000000082900000, 0x0000000082900000, 0x0000000082a00000|  0%| F|  |TAMS 0x0000000082900000, 0x0000000082900000| Untracked 
|  42|0x0000000082a00000, 0x0000000082a00000, 0x0000000082b00000|  0%| F|  |TAMS 0x0000000082a00000, 0x0000000082a00000| Untracked 
|  43|0x0000000082b00000, 0x0000000082b00000, 0x0000000082c00000|  0%| F|  |TAMS 0x0000000082b00000, 0x0000000082b00000| Untracked 
|  44|0x0000000082c00000, 0x0000000082c00000, 0x0000000082d00000|  0%| F|  |TAMS 0x0000000082c00000, 0x0000000082c00000| Untracked 
|  45|0x0000000082d00000, 0x0000000082d00000, 0x0000000082e00000|  0%| F|  |TAMS 0x0000000082d00000, 0x0000000082d00000| Untracked 
|  46|0x0000000082e00000, 0x0000000082e00000, 0x0000000082f00000|  0%| F|  |TAMS 0x0000000082e00000, 0x0000000082e00000| Untracked 
|  47|0x0000000082f00000, 0x0000000082f00000, 0x0000000083000000|  0%| F|  |TAMS 0x0000000082f00000, 0x0000000082f00000| Untracked 
|  48|0x0000000083000000, 0x0000000083000000, 0x0000000083100000|  0%| F|  |TAMS 0x0000000083000000, 0x0000000083000000| Untracked 
|  49|0x0000000083100000, 0x0000000083100000, 0x0000000083200000|  0%| F|  |TAMS 0x0000000083100000, 0x0000000083100000| Untracked 
|  50|0x0000000083200000, 0x0000000083200000, 0x0000000083300000|  0%| F|  |TAMS 0x0000000083200000, 0x0000000083200000| Untracked 
|  51|0x0000000083300000, 0x0000000083300000, 0x0000000083400000|  0%| F|  |TAMS 0x0000000083300000, 0x0000000083300000| Untracked 
|  52|0x0000000083400000, 0x0000000083400000, 0x0000000083500000|  0%| F|  |TAMS 0x0000000083400000, 0x0000000083400000| Untracked 
|  53|0x0000000083500000, 0x0000000083500000, 0x0000000083600000|  0%| F|  |TAMS 0x0000000083500000, 0x0000000083500000| Untracked 
|  54|0x0000000083600000, 0x0000000083600000, 0x0000000083700000|  0%| F|  |TAMS 0x0000000083600000, 0x0000000083600000| Untracked 
|  55|0x0000000083700000, 0x0000000083700000, 0x0000000083800000|  0%| F|  |TAMS 0x0000000083700000, 0x0000000083700000| Untracked 
|  56|0x0000000083800000, 0x0000000083800000, 0x0000000083900000|  0%| F|  |TAMS 0x0000000083800000, 0x0000000083800000| Untracked 
|  57|0x0000000083900000, 0x0000000083900000, 0x0000000083a00000|  0%| F|  |TAMS 0x0000000083900000, 0x0000000083900000| Untracked 
|  58|0x0000000083a00000, 0x0000000083a00000, 0x0000000083b00000|  0%| F|  |TAMS 0x0000000083a00000, 0x0000000083a00000| Untracked 
|  59|0x0000000083b00000, 0x0000000083b00000, 0x0000000083c00000|  0%| F|  |TAMS 0x0000000083b00000, 0x0000000083b00000| Untracked 
| 190|0x000000008be00000, 0x000000008be00000, 0x000000008bf00000|  0%| F|  |TAMS 0x000000008be00000, 0x000000008be00000| Untracked 
| 191|0x000000008bf00000, 0x000000008bf00000, 0x000000008c000000|  0%| F|  |TAMS 0x000000008bf00000, 0x000000008bf00000| Untracked 
| 192|0x000000008c000000, 0x000000008c000000, 0x000000008c100000|  0%| F|  |TAMS 0x000000008c000000, 0x000000008c000000| Untracked 
| 193|0x000000008c100000, 0x000000008c100000, 0x000000008c200000|  0%| F|  |TAMS 0x000000008c100000, 0x000000008c100000| Untracked 
| 194|0x000000008c200000, 0x000000008c200000, 0x000000008c300000|  0%| F|  |TAMS 0x000000008c200000, 0x000000008c200000| Untracked 
| 195|0x000000008c300000, 0x000000008c300000, 0x000000008c400000|  0%| F|  |TAMS 0x000000008c300000, 0x000000008c300000| Untracked 
| 196|0x000000008c400000, 0x000000008c400000, 0x000000008c500000|  0%| F|  |TAMS 0x000000008c400000, 0x000000008c400000| Untracked 
| 197|0x000000008c500000, 0x000000008c500000, 0x000000008c600000|  0%| F|  |TAMS 0x000000008c500000, 0x000000008c500000| Untracked 
| 198|0x000000008c600000, 0x000000008c600000, 0x000000008c700000|  0%| F|  |TAMS 0x000000008c600000, 0x000000008c600000| Untracked 
| 251|0x000000008fb00000, 0x000000008fb71c80, 0x000000008fc00000| 44%| E|  |TAMS 0x000000008fb00000, 0x000000008fb00000| Complete 

Card table byte_map: [0x0000020af0e40000,0x0000020af1240000] _byte_map_base: 0x0000020af0a40000

Marking Bits (Prev, Next): (CMBitMap*) 0x0000020ade077d10, (CMBitMap*) 0x0000020ade077cd0
 Prev Bits: [0x0000020af3640000, 0x0000020af5640000)
 Next Bits: [0x0000020af1640000, 0x0000020af3640000)

Polling page: 0x0000020adbfd0000

Metaspace:

Usage:
  Non-class:     28.32 MB used.
      Class:      4.46 MB used.
       Both:     32.78 MB used.

Virtual space:
  Non-class space:       64.00 MB reserved,      28.50 MB ( 45%) committed,  1 nodes.
      Class space:        1.00 GB reserved,       4.62 MB ( <1%) committed,  1 nodes.
             Both:        1.06 GB reserved,      33.12 MB (  3%) committed. 

Chunk freelists:
   Non-Class:  3.19 MB
       Class:  11.27 MB
        Both:  14.45 MB

MaxMetaspaceSize: unlimited
CompressedClassSpaceSize: 1.00 GB
Initial GC threshold: 21.00 MB
Current GC threshold: 35.12 MB
CDS: off
MetaspaceReclaimPolicy: balanced
 - commit_granule_bytes: 65536.
 - commit_granule_words: 8192.
 - virtual_space_node_default_size: 8388608.
 - enlarge_chunks_in_place: 1.
 - new_chunks_are_fully_committed: 0.
 - uncommit_free_chunks: 1.
 - use_allocation_guard: 0.
 - handle_deallocations: 1.


Internal statistics:

num_allocs_failed_limit: 3.
num_arena_births: 268.
num_arena_deaths: 0.
num_vsnodes_births: 2.
num_vsnodes_deaths: 0.
num_space_committed: 530.
num_space_uncommitted: 0.
num_chunks_returned_to_freelist: 3.
num_chunks_taken_from_freelist: 1192.
num_chunk_merges: 3.
num_chunk_splits: 780.
num_chunks_enlarged: 556.
num_inconsistent_stats: 0.

CodeHeap 'non-profiled nmethods': size=120000Kb used=1607Kb max_used=1607Kb free=118393Kb
 bounds [0x0000020ae8fc0000, 0x0000020ae9230000, 0x0000020af04f0000]
CodeHeap 'profiled nmethods': size=120000Kb used=5987Kb max_used=5987Kb free=114012Kb
 bounds [0x0000020ae14f0000, 0x0000020ae1ad0000, 0x0000020ae8a20000]
CodeHeap 'non-nmethods': size=5760Kb used=1238Kb max_used=1278Kb free=4521Kb
 bounds [0x0000020ae8a20000, 0x0000020ae8c90000, 0x0000020ae8fc0000]
 total_blobs=3409 nmethods=2857 adapters=464
 compilation: enabled
              stopped_count=0, restarted_count=0
 full_count=0

Compilation events (20 events):
Event: 3.446 Thread 0x0000020af84b83a0 nmethod 2823 0x0000020ae1aacf90 code [0x0000020ae1aad120, 0x0000020ae1aad268]
Event: 3.446 Thread 0x0000020af84b83a0 2820       3       org.objectweb.asm.MethodVisitor::visitJumpInsn (17 bytes)
Event: 3.446 Thread 0x0000020af84b83a0 nmethod 2820 0x0000020ae1aad310 code [0x0000020ae1aad4c0, 0x0000020ae1aad6c8]
Event: 3.446 Thread 0x0000020af84b83a0 2826       3       sun.reflect.generics.parser.SignatureParser::init (16 bytes)
Event: 3.447 Thread 0x0000020af84b83a0 nmethod 2826 0x0000020ae1aad790 code [0x0000020ae1aad920, 0x0000020ae1aada78]
Event: 3.447 Thread 0x0000020af84b83a0 2827       1       org.gradle.internal.reflect.MutablePropertyDetails::getBackingField (5 bytes)
Event: 3.447 Thread 0x0000020af84b83a0 nmethod 2827 0x0000020ae9151610 code [0x0000020ae91517a0, 0x0000020ae9151878]
Event: 3.447 Thread 0x0000020af84b83a0 2828       3       java.util.ArrayList$ArrayListSpliterator::tryAdvance (79 bytes)
Event: 3.447 Thread 0x0000020af84b83a0 nmethod 2828 0x0000020ae1aadb10 code [0x0000020ae1aadd00, 0x0000020ae1aae248]
Event: 3.447 Thread 0x0000020af84b83a0 2831       3       org.objectweb.asm.ByteVector::put11 (52 bytes)
Event: 3.447 Thread 0x0000020af84b83a0 nmethod 2831 0x0000020ae1aae490 code [0x0000020ae1aae640, 0x0000020ae1aae848]
Event: 3.447 Thread 0x0000020af84b83a0 2830       3       java.util.regex.Matcher::find (69 bytes)
Event: 3.447 Thread 0x0000020af84b83a0 nmethod 2830 0x0000020ae1aae990 code [0x0000020ae1aaeb40, 0x0000020ae1aaee48]
Event: 3.447 Thread 0x0000020af84b83a0 2829       3       org.gradle.internal.instantiation.generator.AbstractClassGenerator$PropertyMetadata::isReadableWithoutSetterOfPropertyType (36 bytes)
Event: 3.448 Thread 0x0000020af84b83a0 nmethod 2829 0x0000020ae1aaef90 code [0x0000020ae1aaf1e0, 0x0000020ae1aafc78]
Event: 3.448 Thread 0x0000020af84b83a0 2833       3       org.objectweb.asm.AnnotationWriter::putAnnotations (67 bytes)
Event: 3.448 Thread 0x0000020af84b83a0 nmethod 2833 0x0000020ae1ab0010 code [0x0000020ae1ab0220, 0x0000020ae1ab0658]
Event: 3.448 Thread 0x0000020af84b83a0 2832       3       org.gradle.model.internal.asm.MethodVisitorScope::emit (11 bytes)
Event: 3.448 Thread 0x0000020af84b83a0 nmethod 2832 0x0000020ae1ab0910 code [0x0000020ae1ab0ac0, 0x0000020ae1ab0c88]
Event: 3.450 Thread 0x0000020af84b83a0 2834       3       java.util.stream.MatchOps$$Lambda$121/0x0000000100245700::<init> (15 bytes)

GC Heap History (10 events):
Event: 0.695 GC heap before
{Heap before GC invocations=0 (full 0):
 garbage-first heap   total 258048K, used 26624K [0x0000000080000000, 0x0000000100000000)
  region size 1024K, 23 young (23552K), 0 survivors (0K)
 Metaspace       used 10289K, committed 10368K, reserved 1114112K
  class space    used 1047K, committed 1088K, reserved 1048576K
}
Event: 0.699 GC heap after
{Heap after GC invocations=1 (full 0):
 garbage-first heap   total 258048K, used 10377K [0x0000000080000000, 0x0000000100000000)
  region size 1024K, 3 young (3072K), 3 survivors (3072K)
 Metaspace       used 10289K, committed 10368K, reserved 1114112K
  class space    used 1047K, committed 1088K, reserved 1048576K
}
Event: 1.080 GC heap before
{Heap before GC invocations=1 (full 0):
 garbage-first heap   total 258048K, used 38025K [0x0000000080000000, 0x0000000100000000)
  region size 1024K, 30 young (30720K), 3 survivors (3072K)
 Metaspace       used 11468K, committed 11648K, reserved 1114112K
  class space    used 1197K, committed 1280K, reserved 1048576K
}
Event: 1.082 GC heap after
{Heap after GC invocations=2 (full 0):
 garbage-first heap   total 258048K, used 11415K [0x0000000080000000, 0x0000000100000000)
  region size 1024K, 1 young (1024K), 1 survivors (1024K)
 Metaspace       used 11468K, committed 11648K, reserved 1114112K
  class space    used 1197K, committed 1280K, reserved 1048576K
}
Event: 2.015 GC heap before
{Heap before GC invocations=2 (full 0):
 garbage-first heap   total 258048K, used 64663K [0x0000000080000000, 0x0000000100000000)
  region size 1024K, 53 young (54272K), 1 survivors (1024K)
 Metaspace       used 21270K, committed 21504K, reserved 1114112K
  class space    used 2497K, committed 2624K, reserved 1048576K
}
Event: 2.019 GC heap after
{Heap after GC invocations=3 (full 0):
 garbage-first heap   total 258048K, used 19297K [0x0000000080000000, 0x0000000100000000)
  region size 1024K, 9 young (9216K), 9 survivors (9216K)
 Metaspace       used 21270K, committed 21504K, reserved 1114112K
  class space    used 2497K, committed 2624K, reserved 1048576K
}
Event: 2.546 GC heap before
{Heap before GC invocations=4 (full 0):
 garbage-first heap   total 71680K, used 52065K [0x0000000080000000, 0x0000000100000000)
  region size 1024K, 42 young (43008K), 9 survivors (9216K)
 Metaspace       used 26214K, committed 26496K, reserved 1114112K
  class space    used 3334K, committed 3456K, reserved 1048576K
}
Event: 2.552 GC heap after
{Heap after GC invocations=5 (full 0):
 garbage-first heap   total 71680K, used 21315K [0x0000000080000000, 0x0000000100000000)
  region size 1024K, 2 young (2048K), 2 survivors (2048K)
 Metaspace       used 26214K, committed 26496K, reserved 1114112K
  class space    used 3334K, committed 3456K, reserved 1048576K
}
Event: 3.013 GC heap before
{Heap before GC invocations=5 (full 0):
 garbage-first heap   total 71680K, used 48963K [0x0000000080000000, 0x0000000100000000)
  region size 1024K, 30 young (30720K), 2 survivors (2048K)
 Metaspace       used 29973K, committed 30336K, reserved 1114112K
  class space    used 3962K, committed 4160K, reserved 1048576K
}
Event: 3.015 GC heap after
{Heap after GC invocations=6 (full 0):
 garbage-first heap   total 71680K, used 22826K [0x0000000080000000, 0x0000000100000000)
  region size 1024K, 4 young (4096K), 4 survivors (4096K)
 Metaspace       used 29973K, committed 30336K, reserved 1114112K
  class space    used 3962K, committed 4160K, reserved 1048576K
}

Dll operation events (3 events):
Event: 0.037 Loaded shared library C:\Program Files\Android\Android Studio\jbr\bin\java.dll
Event: 0.193 Loaded shared library C:\Program Files\Android\Android Studio\jbr\bin\zip.dll
Event: 0.494 Loaded shared library C:\Program Files\Android\Android Studio\jbr\bin\verify.dll

Deoptimization events (20 events):
Event: 2.863 Thread 0x0000020afea9b390 DEOPT PACKING pc=0x0000020ae9063664 sp=0x00000023ce4f87c0
Event: 2.863 Thread 0x0000020afea9b390 DEOPT UNPACKING pc=0x0000020ae8a769a3 sp=0x00000023ce4f8720 mode 2
Event: 2.971 Thread 0x0000020afea9b390 DEOPT PACKING pc=0x0000020ae19febf0 sp=0x00000023ce4f4810
Event: 2.971 Thread 0x0000020afea9b390 DEOPT UNPACKING pc=0x0000020ae8a77143 sp=0x00000023ce4f3c60 mode 0
Event: 3.013 Thread 0x0000020afea9b390 DEOPT PACKING pc=0x0000020ae15c0cc3 sp=0x00000023ce4f4d20
Event: 3.013 Thread 0x0000020afea9b390 DEOPT UNPACKING pc=0x0000020ae8a77143 sp=0x00000023ce4f4240 mode 0
Event: 3.092 Thread 0x0000020afea9b390 Uncommon trap: trap_request=0xffffff76 fr.pc=0x0000020ae9127280 relative=0x0000000000000160
Event: 3.092 Thread 0x0000020afea9b390 Uncommon trap: reason=predicate action=maybe_recompile pc=0x0000020ae9127280 method=com.google.common.base.CharMatcher.indexIn(Ljava/lang/CharSequence;I)I @ 19 c2
Event: 3.092 Thread 0x0000020afea9b390 DEOPT PACKING pc=0x0000020ae9127280 sp=0x00000023ce4fa7b0
Event: 3.092 Thread 0x0000020afea9b390 DEOPT UNPACKING pc=0x0000020ae8a769a3 sp=0x00000023ce4fa740 mode 2
Event: 3.166 Thread 0x0000020afea9b390 Uncommon trap: trap_request=0xffffff45 fr.pc=0x0000020ae906f570 relative=0x00000000000005d0
Event: 3.166 Thread 0x0000020afea9b390 Uncommon trap: reason=unstable_if action=reinterpret pc=0x0000020ae906f570 method=java.util.Properties$LineReader.readLine()I @ 95 c2
Event: 3.166 Thread 0x0000020afea9b390 DEOPT PACKING pc=0x0000020ae906f570 sp=0x00000023ce4fb630
Event: 3.166 Thread 0x0000020afea9b390 DEOPT UNPACKING pc=0x0000020ae8a769a3 sp=0x00000023ce4fb5e0 mode 2
Event: 3.213 Thread 0x0000020afea9b390 DEOPT PACKING pc=0x0000020ae1913212 sp=0x00000023ce4fa920
Event: 3.213 Thread 0x0000020afea9b390 DEOPT UNPACKING pc=0x0000020ae8a77143 sp=0x00000023ce4f9e30 mode 0
Event: 3.379 Thread 0x0000020afea9b390 Uncommon trap: trap_request=0xffffff45 fr.pc=0x0000020ae90161f0 relative=0x00000000000005b0
Event: 3.379 Thread 0x0000020afea9b390 Uncommon trap: reason=unstable_if action=reinterpret pc=0x0000020ae90161f0 method=java.util.HashMap.hash(Ljava/lang/Object;)I @ 1 c2
Event: 3.379 Thread 0x0000020afea9b390 DEOPT PACKING pc=0x0000020ae90161f0 sp=0x00000023ce4f6ab0
Event: 3.379 Thread 0x0000020afea9b390 DEOPT UNPACKING pc=0x0000020ae8a769a3 sp=0x00000023ce4f6958 mode 2

Classes unloaded (0 events):
No events

Classes redefined (0 events):
No events

Internal exceptions (20 events):
Event: 2.337 Thread 0x0000020afea9b390 Exception <a 'java/lang/NoSuchMethodError'{0x00000000828d47e0}: 'java.lang.Object java.lang.invoke.Invokers$Holder.invokeExact_MT(java.lang.Object, java.lang.Object, java.lang.Object, java.lang.Object, java.lang.Object, java.lang.Object)'> (0x00000000828d47e0) 
thrown [s\src\hotspot\share\interpreter\linkResolver.cpp, line 771]
Event: 2.397 Thread 0x0000020afea9b390 Exception <a 'java/lang/IncompatibleClassChangeError'{0x00000000825c5818}: Found class java.lang.Object, but interface was expected> (0x00000000825c5818) 
thrown [s\src\hotspot\share\interpreter\linkResolver.cpp, line 838]
Event: 2.737 Thread 0x0000020afea9b390 Exception <a 'java/lang/NoSuchMethodError'{0x0000000083848b00}: 'java.lang.Object java.lang.invoke.DirectMethodHandle$Holder.invokeVirtual(java.lang.Object, java.lang.Object, java.lang.Object, java.lang.Object)'> (0x0000000083848b00) 
thrown [s\src\hotspot\share\interpreter\linkResolver.cpp, line 771]
Event: 2.769 Thread 0x0000020afea9b390 Exception <a 'java/lang/NoSuchMethodError'{0x0000000083795778}: 'java.lang.Object java.lang.invoke.DirectMethodHandle$Holder.newInvokeSpecial(java.lang.Object, java.lang.Object, java.lang.Object, java.lang.Object, java.lang.Object, java.lang.Object, java.lang.Object)'> (0x0000000083795778) 
thrown [s\src\hotspot\share\interpreter\linkResolver.cpp, line 771]
Event: 2.769 Thread 0x0000020afea9b390 Exception <a 'java/lang/NoSuchMethodError'{0x000000008379aaf8}: 'java.lang.Object java.lang.invoke.Invokers$Holder.linkToTargetMethod(java.lang.Object, java.lang.Object, java.lang.Object, java.lang.Object, java.lang.Object, java.lang.Object, java.lang.Object)'> (0x000000008379aaf8) 
thrown [s\src\hotspot\share\interpreter\linkResolver.cpp, line 771]
Event: 2.944 Thread 0x0000020afea9b390 Exception <a 'java/lang/NoSuchMethodError'{0x0000000082d6e5e0}: 'java.lang.Object java.lang.invoke.DirectMethodHandle$Holder.invokeStaticInit(java.lang.Object, java.lang.Object, java.lang.Object, java.lang.Object)'> (0x0000000082d6e5e0) 
thrown [s\src\hotspot\share\interpreter\linkResolver.cpp, line 771]
Event: 2.956 Thread 0x0000020afea9b390 Exception <a 'java/lang/NoSuchMethodError'{0x0000000082c5d3f8}: 'java.lang.Object java.lang.invoke.DirectMethodHandle$Holder.newInvokeSpecial(java.lang.Object, java.lang.Object, java.lang.Object, java.lang.Object, java.lang.Object, java.lang.Object, java.lang.Object, java.lang.Object)'> (0x0000000082c5d3f8) 
thrown [s\src\hotspot\share\interpreter\linkResolver.cpp, line 771]
Event: 2.957 Thread 0x0000020afea9b390 Exception <a 'java/lang/NoSuchMethodError'{0x0000000082c62e00}: 'java.lang.Object java.lang.invoke.DirectMethodHandle$Holder.invokeSpecial(java.lang.Object, java.lang.Object, java.lang.Object, java.lang.Object, java.lang.Object, java.lang.Object, java.lang.Object, java.lang.Object, java.lang.Object)'> (0x0000000082c62e00) 
thrown [s\src\hotspot\share\interpreter\linkResolver.cpp, line 771]
Event: 2.957 Thread 0x0000020afea9b390 Exception <a 'java/lang/NoSuchMethodError'{0x0000000082c681b0}: 'java.lang.Object java.lang.invoke.Invokers$Holder.linkToTargetMethod(java.lang.Object, java.lang.Object, java.lang.Object, java.lang.Object, java.lang.Object, java.lang.Object, java.lang.Object, java.lang.Object)'> (0x0000000082c681b0) 
thrown [s\src\hotspot\share\interpreter\linkResolver.cpp, line 771]
Event: 2.962 Thread 0x0000020afea9b390 Exception <a 'java/lang/NoSuchMethodError'{0x0000000082cb1a38}: 'void java.lang.invoke.DirectMethodHandle$Holder.invokeStatic(java.lang.Object, java.lang.Object, java.lang.Object, java.lang.Object)'> (0x0000000082cb1a38) 
thrown [s\src\hotspot\share\interpreter\linkResolver.cpp, line 771]
Event: 3.129 Thread 0x0000020afea9b390 Exception <a 'java/lang/NoSuchMethodError'{0x000000008c212410}: 'int java.lang.invoke.DirectMethodHandle$Holder.invokeVirtual(java.lang.Object, java.lang.Object)'> (0x000000008c212410) 
thrown [s\src\hotspot\share\interpreter\linkResolver.cpp, line 771]
Event: 3.131 Thread 0x0000020afea9b390 Exception <a 'java/lang/NoSuchMethodError'{0x000000008c224ba0}: 'java.lang.Object java.lang.invoke.DirectMethodHandle$Holder.invokeStaticInit(java.lang.Object, java.lang.Object, java.lang.Object)'> (0x000000008c224ba0) 
thrown [s\src\hotspot\share\interpreter\linkResolver.cpp, line 771]
Event: 3.285 Thread 0x0000020afea9b390 Exception <a 'java/lang/NoSuchMethodError'{0x0000000083745f68}: 'java.lang.Object java.lang.invoke.DirectMethodHandle$Holder.invokeSpecialIFC(java.lang.Object, java.lang.Object, java.lang.Object, java.lang.Object)'> (0x0000000083745f68) 
thrown [s\src\hotspot\share\interpreter\linkResolver.cpp, line 771]
Event: 3.291 Thread 0x0000020afea9b390 Exception <a 'java/lang/NoSuchMethodError'{0x00000000837caa10}: 'java.lang.Object java.lang.invoke.DirectMethodHandle$Holder.newInvokeSpecial(java.lang.Object, java.lang.Object, java.lang.Object, java.lang.Object, java.lang.Object, java.lang.Object, java.lang.Object, java.lang.Object, java.lang.Object, java.lang.Object)'> (0x00000000837caa10) 
thrown [s\src\hotspot\share\interpreter\linkResolver.cpp, line 771]
Event: 3.291 Thread 0x0000020afea9b390 Exception <a 'java/lang/NoSuchMethodError'{0x00000000837cf8f8}: 'java.lang.Object java.lang.invoke.Invokers$Holder.linkToTargetMethod(java.lang.Object, java.lang.Object, java.lang.Object, java.lang.Object, java.lang.Object, java.lang.Object, java.lang.Object, java.lang.Object, java.lang.Object, java.lang.Object)'> (0x00000000837cf8f8) 
thrown [s\src\hotspot\share\interpreter\linkResolver.cpp, line 771]
Event: 3.298 Thread 0x0000020afea9b390 Exception <a 'java/lang/NoSuchMethodError'{0x0000000083648980}: 'java.lang.Object java.lang.invoke.DirectMethodHandle$Holder.newInvokeSpecial(java.lang.Object, java.lang.Object, java.lang.Object, java.lang.Object, java.lang.Object, java.lang.Object, java.lang.Object, java.lang.Object, java.lang.Object, java.lang.Object, java.lang.Object)'> (0x0000000083648980) 
thrown [s\src\hotspot\share\interpreter\linkResolver.cpp, line 771]
Event: 3.298 Thread 0x0000020afea9b390 Exception <a 'java/lang/NoSuchMethodError'{0x000000008364e4b8}: 'java.lang.Object java.lang.invoke.DirectMethodHandle$Holder.invokeSpecial(java.lang.Object, java.lang.Object, java.lang.Object, java.lang.Object, java.lang.Object, java.lang.Object, java.lang.Object, java.lang.Object, java.lang.Object, java.lang.Object, java.lang.Object, java.lang.Object)'> (0x000000008364e4b8) 
thrown [s\src\hotspot\share\interpreter\linkResolver.cpp, line 771]
Event: 3.298 Thread 0x0000020afea9b390 Exception <a 'java/lang/NoSuchMethodError'{0x0000000083653b50}: 'java.lang.Object java.lang.invoke.Invokers$Holder.linkToTargetMethod(java.lang.Object, java.lang.Object, java.lang.Object, java.lang.Object, java.lang.Object, java.lang.Object, java.lang.Object, java.lang.Object, java.lang.Object, java.lang.Object, java.lang.Object)'> (0x0000000083653b50) 
thrown [s\src\hotspot\share\interpreter\linkResolver.cpp, line 771]
Event: 3.379 Thread 0x0000020afea9b390 Implicit null exception at 0x0000020ae9015c8f to 0x0000020ae90161d0
Event: 3.429 Thread 0x0000020afea9b390 Exception <a 'java/lang/NoSuchMethodError'{0x0000000082ec4c18}: 'java.lang.Object java.lang.invoke.DirectMethodHandle$Holder.newInvokeSpecial(java.lang.Object, java.lang.Object, int, int)'> (0x0000000082ec4c18) 
thrown [s\src\hotspot\share\interpreter\linkResolver.cpp, line 771]

VM Operations (20 events):
Event: 2.015 Executing VM operation: CollectForMetadataAllocation
Event: 2.019 Executing VM operation: CollectForMetadataAllocation done
Event: 2.021 Executing VM operation: G1PauseRemark
Event: 2.022 Executing VM operation: G1PauseRemark done
Event: 2.023 Executing VM operation: G1PauseCleanup
Event: 2.023 Executing VM operation: G1PauseCleanup done
Event: 2.062 Executing VM operation: HandshakeAllThreads
Event: 2.062 Executing VM operation: HandshakeAllThreads done
Event: 2.385 Executing VM operation: HandshakeAllThreads
Event: 2.386 Executing VM operation: HandshakeAllThreads done
Event: 2.386 Executing VM operation: HandshakeAllThreads
Event: 2.386 Executing VM operation: HandshakeAllThreads done
Event: 2.546 Executing VM operation: G1CollectForAllocation
Event: 2.552 Executing VM operation: G1CollectForAllocation done
Event: 3.013 Executing VM operation: G1CollectForAllocation
Event: 3.015 Executing VM operation: G1CollectForAllocation done
Event: 3.169 Executing VM operation: HandshakeAllThreads
Event: 3.169 Executing VM operation: HandshakeAllThreads done
Event: 3.381 Executing VM operation: HandshakeAllThreads
Event: 3.381 Executing VM operation: HandshakeAllThreads done

Events (20 events):
Event: 3.317 Thread 0x0000020afe7d42a0 Thread added: 0x0000020afe7d42a0
Event: 3.328 Thread 0x0000020afe7d7030 Thread added: 0x0000020afe7d7030
Event: 3.372 loading class java/lang/invoke/SerializedLambda
Event: 3.372 loading class java/lang/invoke/SerializedLambda done
Event: 3.377 loading class java/lang/reflect/AnnotatedType
Event: 3.377 loading class java/lang/reflect/AnnotatedType done
Event: 3.379 loading class sun/reflect/misc/ReflectUtil
Event: 3.379 loading class sun/reflect/misc/ReflectUtil done
Event: 3.383 loading class java/lang/Class$EnclosingMethodInfo
Event: 3.383 loading class java/lang/Class$EnclosingMethodInfo done
Event: 3.384 loading class sun/reflect/generics/tree/IntSignature
Event: 3.384 loading class sun/reflect/generics/tree/IntSignature done
Event: 3.384 loading class sun/reflect/generics/tree/ArrayTypeSignature
Event: 3.384 loading class sun/reflect/generics/tree/ArrayTypeSignature done
Event: 3.385 loading class java/lang/SafeVarargs
Event: 3.386 loading class java/lang/SafeVarargs done
Event: 3.389 loading class java/util/regex/Pattern$GroupCurly
Event: 3.389 loading class java/util/regex/Pattern$GroupCurly done
Event: 3.435 loading class jdk/internal/reflect/UnsafeStaticIntegerFieldAccessorImpl
Event: 3.435 loading class jdk/internal/reflect/UnsafeStaticIntegerFieldAccessorImpl done


Dynamic libraries:
0x00007ff6cf390000 - 0x00007ff6cf39a000 	C:\Program Files\Android\Android Studio\jbr\bin\java.exe
0x00007ff99ffb0000 - 0x00007ff9a01c7000 	C:\Windows\SYSTEM32\ntdll.dll
0x00007ff99eec0000 - 0x00007ff99ef84000 	C:\Windows\System32\KERNEL32.DLL
0x00007ff99d7b0000 - 0x00007ff99db69000 	C:\Windows\System32\KERNELBASE.dll
0x00007ff99d2b0000 - 0x00007ff99d3c1000 	C:\Windows\System32\ucrtbase.dll
0x00007ff90acd0000 - 0x00007ff90ace7000 	C:\Program Files\Android\Android Studio\jbr\bin\jli.dll
0x00007ff981d20000 - 0x00007ff981d3b000 	C:\Program Files\Android\Android Studio\jbr\bin\VCRUNTIME140.dll
0x00007ff99de40000 - 0x00007ff99dfee000 	C:\Windows\System32\USER32.dll
0x00007ff99d3d0000 - 0x00007ff99d3f6000 	C:\Windows\System32\win32u.dll
0x00007ff99f5e0000 - 0x00007ff99f609000 	C:\Windows\System32\GDI32.dll
0x00007ff99d570000 - 0x00007ff99d68b000 	C:\Windows\System32\gdi32full.dll
0x00007ff99d690000 - 0x00007ff99d72a000 	C:\Windows\System32\msvcp_win.dll
0x00007ff980c70000 - 0x00007ff980f02000 	C:\Windows\WinSxS\amd64_microsoft.windows.common-controls_6595b64144ccf1df_6.0.22621.4391_none_2715d37f73803e96\COMCTL32.dll
0x00007ff99ea90000 - 0x00007ff99eb37000 	C:\Windows\System32\msvcrt.dll
0x00007ff99fc80000 - 0x00007ff99fcb1000 	C:\Windows\System32\IMM32.DLL
0x00007ff98bb60000 - 0x00007ff98bb6c000 	C:\Program Files\Android\Android Studio\jbr\bin\vcruntime140_1.dll
0x00007ff973620000 - 0x00007ff9736ad000 	C:\Program Files\Android\Android Studio\jbr\bin\msvcp140.dll
0x00007ff90b180000 - 0x00007ff90be03000 	C:\Program Files\Android\Android Studio\jbr\bin\server\jvm.dll
0x00007ff99e950000 - 0x00007ff99ea02000 	C:\Windows\System32\ADVAPI32.dll
0x00007ff99f610000 - 0x00007ff99f6b7000 	C:\Windows\System32\sechost.dll
0x00007ff99db70000 - 0x00007ff99db98000 	C:\Windows\System32\bcrypt.dll
0x00007ff99fb60000 - 0x00007ff99fc74000 	C:\Windows\System32\RPCRT4.dll
0x00007ff99d180000 - 0x00007ff99d1cd000 	C:\Windows\SYSTEM32\POWRPROF.dll
0x00007ff99acc0000 - 0x00007ff99acf4000 	C:\Windows\SYSTEM32\WINMM.dll
0x00007ff973310000 - 0x00007ff973319000 	C:\Windows\SYSTEM32\WSOCK32.dll
0x00007ff999bd0000 - 0x00007ff999bda000 	C:\Windows\SYSTEM32\VERSION.dll
0x00007ff99dd30000 - 0x00007ff99dda1000 	C:\Windows\System32\WS2_32.dll
0x00007ff99d160000 - 0x00007ff99d173000 	C:\Windows\SYSTEM32\UMPDC.dll
0x00007ff99c250000 - 0x00007ff99c268000 	C:\Windows\SYSTEM32\kernel.appcore.dll
0x00007ff971830000 - 0x00007ff97183a000 	C:\Program Files\Android\Android Studio\jbr\bin\jimage.dll
0x00007ff99a9b0000 - 0x00007ff99abe2000 	C:\Windows\SYSTEM32\DBGHELP.DLL
0x00007ff99f170000 - 0x00007ff99f4ff000 	C:\Windows\System32\combase.dll
0x00007ff99f500000 - 0x00007ff99f5d7000 	C:\Windows\System32\OLEAUT32.dll
0x00007ff99ac80000 - 0x00007ff99acb2000 	C:\Windows\SYSTEM32\dbgcore.DLL
0x00007ff99d730000 - 0x00007ff99d7ab000 	C:\Windows\System32\bcryptPrimitives.dll
0x00007ff90acf0000 - 0x00007ff90acfe000 	C:\Program Files\Android\Android Studio\jbr\bin\instrument.dll
0x00007ff90d450000 - 0x00007ff90d475000 	C:\Program Files\Android\Android Studio\jbr\bin\java.dll
0x00007ff95c770000 - 0x00007ff95c788000 	C:\Program Files\Android\Android Studio\jbr\bin\zip.dll
0x00007ff99e0d0000 - 0x00007ff99e946000 	C:\Windows\System32\SHELL32.dll
0x00007ff99b1a0000 - 0x00007ff99baa3000 	C:\Windows\SYSTEM32\windows.storage.dll
0x00007ff99b060000 - 0x00007ff99b19f000 	C:\Windows\SYSTEM32\wintypes.dll
0x00007ff99fe20000 - 0x00007ff99ff19000 	C:\Windows\System32\SHCORE.dll
0x00007ff99e050000 - 0x00007ff99e0ae000 	C:\Windows\System32\shlwapi.dll
0x00007ff99d1e0000 - 0x00007ff99d20b000 	C:\Windows\SYSTEM32\profapi.dll
0x00007ff90d430000 - 0x00007ff90d449000 	C:\Program Files\Android\Android Studio\jbr\bin\net.dll
0x00007ff999600000 - 0x00007ff999736000 	C:\Windows\SYSTEM32\WINHTTP.dll
0x00007ff99c720000 - 0x00007ff99c789000 	C:\Windows\system32\mswsock.dll
0x00007ff90d410000 - 0x00007ff90d426000 	C:\Program Files\Android\Android Studio\jbr\bin\nio.dll
0x00007ff90ad00000 - 0x00007ff90ad10000 	C:\Program Files\Android\Android Studio\jbr\bin\verify.dll
0x00007ff975770000 - 0x00007ff975797000 	C:\Users\Administrator\.gradle\native\c067742578af261105cb4f569cf0c3c89f3d7b1fecec35dd04571415982c5e48\windows-amd64\native-platform.dll
0x00007ff92a900000 - 0x00007ff92aa44000 	C:\Users\Administrator\.gradle\native\38dada09dfb8b06ba9b0570ebf7e218e3eb74d4ef43ca46872605cf95ebc2f47\windows-amd64\native-platform-file-events.dll
0x00007ff96b300000 - 0x00007ff96b309000 	C:\Program Files\Android\Android Studio\jbr\bin\management.dll
0x00007ff96b2f0000 - 0x00007ff96b2fb000 	C:\Program Files\Android\Android Studio\jbr\bin\management_ext.dll
0x00007ff99fb40000 - 0x00007ff99fb48000 	C:\Windows\System32\PSAPI.DLL
0x00007ff99ca70000 - 0x00007ff99ca8b000 	C:\Windows\SYSTEM32\CRYPTSP.dll
0x00007ff99c210000 - 0x00007ff99c245000 	C:\Windows\system32\rsaenh.dll
0x00007ff99c7c0000 - 0x00007ff99c7e8000 	C:\Windows\SYSTEM32\USERENV.dll
0x00007ff99ca50000 - 0x00007ff99ca5c000 	C:\Windows\SYSTEM32\CRYPTBASE.dll
0x00007ff99bd10000 - 0x00007ff99bd3d000 	C:\Windows\SYSTEM32\IPHLPAPI.DLL
0x00007ff99ef90000 - 0x00007ff99ef99000 	C:\Windows\System32\NSI.dll
0x00007ff9969b0000 - 0x00007ff9969c9000 	C:\Windows\SYSTEM32\dhcpcsvc6.DLL
0x00007ff9967b0000 - 0x00007ff9967cf000 	C:\Windows\SYSTEM32\dhcpcsvc.DLL
0x00007ff99bd80000 - 0x00007ff99be82000 	C:\Windows\SYSTEM32\DNSAPI.dll
0x00007ff964e70000 - 0x00007ff964e79000 	C:\Program Files\Android\Android Studio\jbr\bin\extnet.dll
0x00007ff965100000 - 0x00007ff965108000 	C:\Windows\system32\wshunix.dll

dbghelp: loaded successfully - version: 4.0.5 - missing functions: none
symbol engine: initialized successfully - sym options: 0x614 - pdb path: .;C:\Program Files\Android\Android Studio\jbr\bin;C:\Windows\SYSTEM32;C:\Windows\WinSxS\amd64_microsoft.windows.common-controls_6595b64144ccf1df_6.0.22621.4391_none_2715d37f73803e96;C:\Program Files\Android\Android Studio\jbr\bin\server;C:\Users\Administrator\.gradle\native\c067742578af261105cb4f569cf0c3c89f3d7b1fecec35dd04571415982c5e48\windows-amd64;C:\Users\Administrator\.gradle\native\38dada09dfb8b06ba9b0570ebf7e218e3eb74d4ef43ca46872605cf95ebc2f47\windows-amd64

VM Arguments:
jvm_args: --add-opens=java.base/java.util=ALL-UNNAMED --add-opens=java.base/java.lang=ALL-UNNAMED --add-opens=java.base/java.lang.invoke=ALL-UNNAMED --add-opens=java.prefs/java.util.prefs=ALL-UNNAMED --add-opens=java.base/java.nio.charset=ALL-UNNAMED --add-opens=java.base/java.net=ALL-UNNAMED --add-opens=java.base/java.util.concurrent.atomic=ALL-UNNAMED -Xmx2048m -Dfile.encoding=UTF-8 -Duser.country=KR -Duser.language=ko -Duser.variant -javaagent:C:\Users\Administrator\.gradle\wrapper\dists\gradle-8.7-bin\bhs2wmbdwecv87pi65oeuq5iu\gradle-8.7\lib\agents\gradle-instrumentation-agent-8.7.jar 
java_command: org.gradle.launcher.daemon.bootstrap.GradleDaemon 8.7
java_class_path (initial): C:\Users\Administrator\.gradle\wrapper\dists\gradle-8.7-bin\bhs2wmbdwecv87pi65oeuq5iu\gradle-8.7\lib\gradle-launcher-8.7.jar
Launcher Type: SUN_STANDARD

[Global flags]
     intx CICompilerCount                          = 4                                         {product} {ergonomic}
     uint ConcGCThreads                            = 3                                         {product} {ergonomic}
     uint G1ConcRefinementThreads                  = 10                                        {product} {ergonomic}
   size_t G1HeapRegionSize                         = 1048576                                   {product} {ergonomic}
    uintx GCDrainStackTargetSize                   = 64                                        {product} {ergonomic}
   size_t InitialHeapSize                          = 264241152                                 {product} {ergonomic}
   size_t MarkStackSize                            = 4194304                                   {product} {ergonomic}
   size_t MaxHeapSize                              = 2147483648                                {product} {command line}
   size_t MaxNewSize                               = 1287651328                                {product} {ergonomic}
   size_t MinHeapDeltaBytes                        = 1048576                                   {product} {ergonomic}
   size_t MinHeapSize                              = 8388608                                   {product} {ergonomic}
    uintx NonNMethodCodeHeapSize                   = 5839372                                {pd product} {ergonomic}
    uintx NonProfiledCodeHeapSize                  = 122909434                              {pd product} {ergonomic}
    uintx ProfiledCodeHeapSize                     = 122909434                              {pd product} {ergonomic}
    uintx ReservedCodeCacheSize                    = 251658240                              {pd product} {ergonomic}
     bool SegmentedCodeCache                       = true                                      {product} {ergonomic}
   size_t SoftMaxHeapSize                          = 2147483648                             {manageable} {ergonomic}
     bool UseCompressedClassPointers               = true                           {product lp64_product} {ergonomic}
     bool UseCompressedOops                        = true                           {product lp64_product} {ergonomic}
     bool UseG1GC                                  = true                                      {product} {ergonomic}
     bool UseLargePagesIndividualAllocation        = false                                  {pd product} {ergonomic}

Logging:
Log output configuration:
 #0: stdout all=warning uptime,level,tags
 #1: stderr all=off uptime,level,tags

Environment Variables:
JAVA_HOME=C:\Program Files\Java\jdk-11
PATH=C:\Program Files\Java\jdk-11\bin;C:\Program Files\Common Files\Oracle\Java\javapath;C:\Windows\system32;C:\Windows;C:\Windows\System32\Wbem;C:\Windows\System32\WindowsPowerShell\v1.0\;C:\Windows\System32\OpenSSH\;C:\Program Files\Microsoft SQL Server\150\Tools\Binn\;C:\Program Files\Microsoft SQL Server\Client SDK\ODBC\170\Tools\Binn\;C:\Program Files\dotnet\;C:\texlive\2023\bin\windows;C:\MinGW\bin;C:\MinGW\msys\1.0\bin;C:\Users\Administrator\AppData\Local\Programs\Python\Python311\Scripts\;C:\Users\Administrator\AppData\Local\Programs\Python\Python311\;C:\Users\Administrator\AppData\Local\Microsoft\WindowsApps;C:\Users\Administrator\.dotnet\tools;C:\Users\Administrator\AppData\Local\Pandoc\
USERNAME=Administrator
OS=Windows_NT
PROCESSOR_IDENTIFIER=Intel64 Family 6 Model 154 Stepping 4, GenuineIntel
TMP=C:\Users\ADMINI~1\AppData\Local\Temp
TEMP=C:\Users\ADMINI~1\AppData\Local\Temp



Periodic native trim disabled

JNI global refs:
JNI global refs: 25, weak refs: 2

JNI global refs memory usage: 843, weak refs: 841

Process memory usage:
Resident Set Size: 202760K (1% of 16485236K total physical memory with 223964K free physical memory)

OOME stack traces (most recent first):
Classloader memory used:
Loader bootstrap                                                                       : 1932K
Loader org.gradle.internal.classloader.VisitableURLClassLoader                         : 1827K
Loader org.gradle.initialization.MixInLegacyTypesClassLoader                           : 402K
Loader jdk.internal.loader.ClassLoaders$AppClassLoader                                 : 28714B
Loader jdk.internal.loader.ClassLoaders$PlatformClassLoader                            : 16582B
Loader jdk.internal.reflect.DelegatingClassLoader                                      : 3463B

Classes loaded by more than one classloader:
Class org.gradle.internal.installation.GradleInstallation                             : loaded 2 times (x 73B)
Class org.gradle.internal.classpath.ClassPath                                         : loaded 2 times (x 68B)
Class org.gradle.api.internal.classpath.DefaultModuleRegistry                         : loaded 2 times (x 84B)
Class org.gradle.api.Action                                                           : loaded 2 times (x 68B)
Class org.gradle.api.internal.DefaultClassPathProvider                                : loaded 2 times (x 74B)
Class org.gradle.internal.installation.GradleInstallation$1                           : loaded 2 times (x 73B)
Class org.gradle.internal.classloader.FilteringClassLoader                            : loaded 2 times (x 103B)
Class org.gradle.internal.classpath.DefaultClassPath$ImmutableUniqueList$Builder      : loaded 2 times (x 73B)
Class org.gradle.internal.classloader.ClassLoaderVisitor                              : loaded 2 times (x 74B)
Class org.gradle.internal.service.DefaultServiceLocator                               : loaded 2 times (x 81B)
Class org.gradle.internal.service.UnknownServiceException                             : loaded 2 times (x 81B)
Class org.gradle.internal.classloader.DefaultClassLoaderFactory                       : loaded 2 times (x 80B)
Class org.gradle.internal.classloader.VisitableURLClassLoader$Spec                    : loaded 2 times (x 72B)
Class org.gradle.api.GradleException                                                  : loaded 2 times (x 80B)
Class org.gradle.api.internal.classpath.ModuleRegistry                                : loaded 2 times (x 68B)
Class org.gradle.api.internal.ClassPathProvider                                       : loaded 2 times (x 68B)
Class org.gradle.internal.classloader.ClasspathUtil$1                                 : loaded 2 times (x 74B)
Class org.gradle.internal.classloader.ClassLoaderFactory                              : loaded 2 times (x 68B)
Class org.gradle.api.internal.classpath.ManifestUtil                                  : loaded 2 times (x 69B)
Class org.gradle.api.specs.Spec                                                       : loaded 2 times (x 68B)
Class org.gradle.internal.IoActions                                                   : loaded 2 times (x 69B)
Class org.gradle.api.internal.classpath.EffectiveClassPath                            : loaded 2 times (x 88B)
Class org.gradle.internal.installation.CurrentGradleInstallation                      : loaded 2 times (x 71B)
Class org.gradle.internal.agents.InstrumentingClassLoader                             : loaded 2 times (x 68B)
Class org.gradle.internal.installation.CurrentGradleInstallationLocator               : loaded 2 times (x 69B)
Class org.gradle.api.internal.classpath.Module                                        : loaded 2 times (x 68B)
Class org.gradle.internal.service.CachingServiceLocator                               : loaded 2 times (x 80B)
Class org.gradle.internal.classpath.DefaultClassPath                                  : loaded 2 times (x 88B)
Class org.gradle.internal.classloader.SystemClassLoaderSpec                           : loaded 2 times (x 69B)
Class org.gradle.api.UncheckedIOException                                             : loaded 2 times (x 80B)
Class org.gradle.internal.classloader.ClasspathUtil                                   : loaded 2 times (x 69B)
Class org.gradle.api.internal.DefaultClassPathRegistry                                : loaded 2 times (x 74B)
Class org.gradle.api.internal.classpath.DefaultModuleRegistry$DefaultModule           : loaded 2 times (x 84B)
Class org.gradle.api.internal.classpath.UnknownModuleException                        : loaded 2 times (x 80B)
Class org.gradle.internal.service.ServiceLookupException                              : loaded 2 times (x 80B)
Class org.gradle.cache.GlobalCache                                                    : loaded 2 times (x 68B)
Class [Lorg.gradle.api.internal.ClassPathProvider;                                    : loaded 2 times (x 67B)
Class org.gradle.util.internal.GUtil                                                  : loaded 2 times (x 69B)
Class org.gradle.internal.classloader.ClassLoaderSpec                                 : loaded 2 times (x 69B)
Class org.gradle.internal.classloader.VisitableURLClassLoader                         : loaded 2 times (x 115B)
Class org.gradle.internal.Cast                                                        : loaded 2 times (x 69B)
Class org.gradle.api.internal.ClassPathRegistry                                       : loaded 2 times (x 68B)
Class org.gradle.internal.classloader.VisitableURLClassLoader$InstrumentingVisitableURLClassLoader: loaded 2 times (x 121B)
Class org.gradle.internal.classloader.ClassLoaderHierarchy                            : loaded 2 times (x 68B)
Class org.gradle.internal.InternalTransformer                                         : loaded 2 times (x 68B)
Class org.gradle.internal.service.ServiceLocator                                      : loaded 2 times (x 68B)
Class org.gradle.internal.classpath.DefaultClassPath$ImmutableUniqueList              : loaded 2 times (x 159B)
Class org.gradle.internal.classpath.TransformedClassPath                              : loaded 2 times (x 94B)


---------------  S Y S T E M  ---------------

OS:
 Windows 11 , 64 bit Build 22621 (10.0.22621.4391)
OS uptime: 0 days 1:33 hours
Hyper-V role detected

CPU: total 12 (initial active 12) (6 cores per cpu, 2 threads per core) family 6 model 154 stepping 4 microcode 0x423, cx8, cmov, fxsr, ht, mmx, 3dnowpref, sse, sse2, sse3, ssse3, sse4.1, sse4.2, popcnt, lzcnt, tsc, tscinvbit, avx, avx2, aes, erms, clmul, bmi1, bmi2, adx, sha, fma, vzeroupper, clflush, clflushopt, clwb, hv
Processor Information for all 12 processors :
  Max Mhz: 1300, Current Mhz: 1300, Mhz Limit: 1300

Memory: 4k page, system-wide physical 16098M (218M free)
TotalPageFile size 16098M (AvailPageFile size 5M)
current process WorkingSet (physical memory assigned to process): 198M, peak: 198M
current process commit charge ("private bytes"): 246M, peak: 402M

vm_info: OpenJDK 64-Bit Server VM (17.0.11+0--11852314) for windows-amd64 JRE (17.0.11+0--11852314), built on May 16 2024 21:29:20 by "androidbuild" with MS VC++ 16.10 / 16.11 (VS2019)

END.
